../../el7/common/test-triggers.xml