<?xml version="1.0" encoding="utf-8"?>
<xml xmlns:xi="http://www.w3.org/2001/XInclude">
<xi:include href='%{templates-dir}/windows-azure/deploy.xml'
            xpointer="xpointer(./*[name()!='script'])"/>
<xi:include href='%{templates-dir}/windows-azure/deploy.xml'
            xpointer="xpointer(./*[name()='script' and @id!='check-kernel'])"/>
<xi:include href="%{templates-dir}/windows-azure/poweroff.xml"/>
</xml>
