<?xml version="1.0" encoding="utf-8"?>
<xml>
<include href='%{templates-dir}/%{norm-os}/rackspace/deploy-base.xml'
         xpath="./*"/>
<include href='%{templates-dir}/%{norm-os}/rackspace/delete.xml'/>
<include href="%{templates-dir}/%{norm-os}/common/conditional-test-remove-custom-pkgs.xml"/>
<script id='post-delete' type='post' hostname='%{build-host}'
        comes-after="conditional-test-remove-custom-pkgs check-kernel">
<include href="%{templates-dir}/%{norm-os}/rackspace/delete.xml"
         xpath="./text()"/>
</script>
</xml>
