<?xml version="1.0" encoding="utf-8"?>
<script id='test-exists' type='test-exists'>
set -e
source /root/rackspace/rackspace_admin
if ! nova show %{fqdn}; then
  exit 3
fi
</script>
