<?xml version="1.0" encoding="utf-8"?>
<xml>
<include href='%{templates-dir}/%{norm-os}/openstack/deploy-base.xml'
         xpath="./*"/>
<include href='%{templates-dir}/%{norm-os}/libvirt/delete.xml'/>
<include href="%{templates-dir}/%{norm-os}/common/conditional-test-remove-custom-pkgs.xml"/>
<script id='post-delete' type='post' hostname='localhost'
        comes-after="conditional-test-remove-custom-pkgs check-kernel">
<include href="%{templates-dir}/%{norm-os}/libvirt/delete.xml"
         xpath="./text()"/>
</script>
</xml>
