<?xml version="1.0" encoding="utf-8"?>
<xml xmlns:xi="http://www.w3.org/2001/XInclude">
<xi:include href='%{templates-dir}/%{norm-os}/openstack/deploy-base.xml'
            xpointer="xpointer(./*)"/>
<xi:include href="%{templates-dir}/%{norm-os}/common/conditional-test-remove-custom-pkgs.xml"/>
<script id='post-delete' type='post' hostname='%{deploy-host}'
        comes-after="conditional-test-remove-custom-pkgs check-kernel">
<xi:include href="%{templates-dir}/%{norm-os}/libvirt/delete.xml"
            xpointer="xpointer(./text())"/>
</script>
</xml>
