../../el7/libvirt/test-exists.xml