<?xml version="1.0" encoding="utf-8"?>
<test-update xmlns:xi="http://www.w3.org/2001/XInclude">
<xi:include href='%{templates-dir}/%{norm-os}/libvirt/deploy-base.xml'
            xpointer="xpointer(./*)"/>
<xi:include href="%{templates-dir}/%{norm-os}/libvirt/poweroff.xml"/>
</test-update>
