<test-install hostname="samba-server-test-install" password="testpw">
  <kickstart><xi:include href="ks.cfg" parse="text"/></kickstart>
  <xi:include href="deploy.xml"
              xpointer="xpointer(/root/*[name()!='update-script']"/>
</test-install>
