<test-update hostname="samba-server-test-update" password="testpw">
  <kickstart> <xi:include href="ks.cfg" parse="text"/> </kickstart>
  <xi:include href="deploy.xml" xpointer="xpointer(/root/*)"/>
</test-update>
