<?xml version="1.0" encoding="utf-8"?>
<script type='post' id='test-web-server-running'>
#!/bin/sh
[[ `pidof httpd` ]] || (echo 'TEST FAILED: Web server not running'; exit 1)
</script>
