<?xml version="1.0" encoding="utf-8"?>
<script id='test-remove-custom-pkgs' type='post' comes-after="update" 
        comes-before="check-kernel, poweroff"> 
#!/bin/bash
set -e

# test custom package removal
yum -y --cacheonly --disableplugin sync remove %{custom-pkgs}
</script>
