<?xml version="1.0" encoding="utf-8"?>
<test-install xmlns:xi="http://www.w3.org/2001/XInclude">
<xi:include href='%{templates-dir}/%{norm-os}/libvirt/deploy-base.xml'
            xpointer="xpointer(./*)"/>
<xi:include href="%{templates-dir}/%{norm-os}/common/test-remove-custom-pkgs.xml"/>
<xi:include href="%{templates-dir}/%{norm-os}/libvirt/conditional-post-delete.xml"/>
</test-install>
